Looking for a CUDA compiler failed with the following output:
-- Selecting Windows SDK version 10.0.17763.0 to target Windows 10.0.19041.
CMake Error at C:/Program Files (x86)/Microsoft Visual Studio/2017/Community/Common7/IDE/CommonExtensions/Microsoft/CMake/CMake/share/cmake-3.12/Modules/CMakeDetermineCompilerId.cmake:271 (message):
  No CUDA toolset found.
Call Stack (most recent call first):
  C:/Program Files (x86)/Microsoft Visual Studio/2017/Community/Common7/IDE/CommonExtensions/Microsoft/CMake/CMake/share/cmake-3.12/Modules/CMakeDetermineCompilerId.cmake:31 (CMAKE_DETERMINE_COMPILER_ID_BUILD)
  C:/Program Files (x86)/Microsoft Visual Studio/2017/Community/Common7/IDE/CommonExtensions/Microsoft/CMake/CMake/share/cmake-3.12/Modules/CMakeDetermineCUDACompiler.cmake:72 (CMAKE_DETERMINE_COMPILER_ID)
  CMakeLists.txt:2 (project)


-- Configuring incomplete, errors occurred!
See also "C:/Users/alvin/Desktop/test/darknet/build_win_release_novcpkg/CMakeFiles/CheckCUDA/CMakeFiles/CMakeOutput.log".

Determining if the include file pthread.h exists failed with the following output:
Change Dir: C:/Users/alvin/Desktop/test/darknet/build_win_release_novcpkg/CMakeFiles/CMakeTmp

Run Build Command:"C:/Program Files (x86)/Microsoft Visual Studio/2017/Community/MSBuild/15.0/Bin/MSBuild.exe" "cmTC_c100b.vcxproj" "/p:Configuration=Debug" "/p:VisualStudioVersion=15.0"
Microsoft (R) Build Engine version 15.9.21+g9802d43bc3 for .NET Framework
Copyright (C) Microsoft Corporation. All rights reserved.

Build started 21/9/2020 7:17:25 PM.
Project "C:\Users\alvin\Desktop\test\darknet\build_win_release_novcpkg\CMakeFiles\CMakeTmp\cmTC_c100b.vcxproj" on node 1 (default targets).
PrepareForBuild:
  Creating directory "cmTC_c100b.dir\Debug\".
  Creating directory "C:\Users\alvin\Desktop\test\darknet\build_win_release_novcpkg\CMakeFiles\CMakeTmp\Debug\".
  Creating directory "cmTC_c100b.dir\Debug\cmTC_c100b.tlog\".
InitializeBuildStatus:
  Creating "cmTC_c100b.dir\Debug\cmTC_c100b.tlog\unsuccessfulbuild" because "AlwaysCreate" was specified.
ClCompile:
  C:\Program Files (x86)\Microsoft Visual Studio\2017\Community\VC\Tools\MSVC\14.16.27023\bin\HostX64\x64\CL.exe /c /Zi /W3 /WX- /diagnostics:classic /Od /Ob0 /D WIN32 /D _WINDOWS /D "CMAKE_INTDIR=\"Debug\"" /D _MBCS /Gm- /RTC1 /MDd /GS /fp:precise /Zc:wchar_t /Zc:forScope /Zc:inline /Fo"cmTC_c100b.dir\Debug\\" /Fd"cmTC_c100b.dir\Debug\vc141.pdb" /Gd /TC /FC /errorReport:queue C:\Users\alvin\Desktop\test\darknet\build_win_release_novcpkg\CMakeFiles\CMakeTmp\CheckIncludeFile.c
  Microsoft (R) C/C++ Optimizing Compiler Version 19.16.27035 for x64
  Copyright (C) Microsoft Corporation.  All rights reserved.
  
  cl /c /Zi /W3 /WX- /diagnostics:classic /Od /Ob0 /D WIN32 /D _WINDOWS /D "CMAKE_INTDIR=\"Debug\"" /D _MBCS /Gm- /RTC1 /MDd /GS /fp:precise /Zc:wchar_t /Zc:forScope /Zc:inline /Fo"cmTC_c100b.dir\Debug\\" /Fd"cmTC_c100b.dir\Debug\vc141.pdb" /Gd /TC /FC /errorReport:queue C:\Users\alvin\Desktop\test\darknet\build_win_release_novcpkg\CMakeFiles\CMakeTmp\CheckIncludeFile.c
  CheckIncludeFile.c
  
c:\users\alvin\desktop\test\darknet\build_win_release_novcpkg\cmakefiles\cmaketmp\checkincludefile.c(1): fatal error C1083: Cannot open include file: 'pthread.h': No such file or directory [C:\Users\alvin\Desktop\test\darknet\build_win_release_novcpkg\CMakeFiles\CMakeTmp\cmTC_c100b.vcxproj]
Done Building Project "C:\Users\alvin\Desktop\test\darknet\build_win_release_novcpkg\CMakeFiles\CMakeTmp\cmTC_c100b.vcxproj" (default targets) -- FAILED.

Build FAILED.

"C:\Users\alvin\Desktop\test\darknet\build_win_release_novcpkg\CMakeFiles\CMakeTmp\cmTC_c100b.vcxproj" (default target) (1) ->
(ClCompile target) -> 
  c:\users\alvin\desktop\test\darknet\build_win_release_novcpkg\cmakefiles\cmaketmp\checkincludefile.c(1): fatal error C1083: Cannot open include file: 'pthread.h': No such file or directory [C:\Users\alvin\Desktop\test\darknet\build_win_release_novcpkg\CMakeFiles\CMakeTmp\cmTC_c100b.vcxproj]

    0 Warning(s)
    1 Error(s)

Time Elapsed 00:00:00.54


